[2015-09-12T19:41:45] (srv) ...starting microHttp {port:80,logLevel:1,rootDir:'./',keepAlive:1,Limit:1000000},
   mimes:'.htm,.html=text/html;charset=windows-1251&.js=text/javascript;charset=windows-1251'
[2015-09-12T19:41:45] (core) .. listener is ready, Ctrl+C to abort
[2015-09-12T20:04:27] (srv) ...starting microHttp {port:80,logLevel:1,rootDir:'./',keepAlive:1,Limit:1000000},
   mimes:'.htm,.html=text/html;charset=windows-1251&.js=text/javascript;charset=windows-1251'
[2015-09-12T20:04:27] (httpSrv)  -fail listen port 80
[2015-09-12T20:04:27] (core) -FAIL start listener on port 80
[2015-09-12T20:04:38] (srv) ...starting microHttp {port:80,logLevel:1,rootDir:'./',keepAlive:1,Limit:1000000},
   mimes:'.htm,.html=text/html;charset=windows-1251&.js=text/javascript;charset=windows-1251'
[2015-09-12T20:04:38] (core) .. listener is ready, Ctrl+C to abort
[2015-09-12T20:53:19] (srv) ...starting microHttp {port:80,logLevel:1,rootDir:'./',keepAlive:1,Limit:1000000},
   mimes:'.htm,.html=text/html;charset=windows-1251&.js=text/javascript;charset=windows-1251'
[2015-09-12T20:53:19] (core) .. listener is ready, Ctrl+C to abort
[2015-09-12T20:59:01] (srv) ...starting microHttp {port:80,logLevel:1,rootDir:'./',keepAlive:1,Limit:1000000},
   mimes:'.htm,.html=text/html;charset=windows-1251&.js=text/javascript;charset=windows-1251'
[2015-09-12T20:59:01] (core) .. listener is ready, Ctrl+C to abort
[2015-09-12T21:11:06] (srv) ...starting microHttp {port:80,logLevel:1,rootDir:'./',keepAlive:1,Limit:1000000},
   mimes:'.htm,.html=text/html;charset=windows-1251&.js=text/javascript;charset=windows-1251'
[2015-09-12T21:11:06] (core) .. listener is ready, Ctrl+C to abort
[2015-09-13T12:03:33] (srv) ...starting microHttp {port:80,logLevel:1,rootDir:'./',keepAlive:1,Limit:1000000},
   mimes:'.htm,.html=text/html;charset=windows-1251&.js=text/javascript;charset=windows-1251'
[2015-09-13T12:03:33] (core) .. listener is ready, Ctrl+C to abort
[2015-09-13T12:09:11] (srv) ...starting microHttp {port:80,logLevel:1,rootDir:'./',keepAlive:1,Limit:1000000},
   mimes:'.htm,.html=text/html;charset=windows-1251&.js=text/javascript;charset=windows-1251'
[2015-09-13T12:09:11] (core) .. listener is ready, Ctrl+C to abort
[2015-09-13T12:10:06] (srv) ...starting microHttp {port:80,logLevel:1,rootDir:'./',keepAlive:1,Limit:1000000},
   mimes:'.htm,.html=text/html;charset=windows-1251&.js=text/javascript;charset=windows-1251'
[2015-09-13T12:10:06] (core) .. listener is ready, Ctrl+C to abort
[2015-09-13T12:10:48] (srv) ...starting microHttp {port:80,logLevel:1,rootDir:'./',keepAlive:1,Limit:1000000},
   mimes:'.htm,.html=text/html;charset=windows-1251&.js=text/javascript;charset=windows-1251'
[2015-09-13T12:10:48] (core) .. listener is ready, Ctrl+C to abort
[2015-09-13T12:11:11] (srv) ...starting microHttp {port:80,logLevel:1,rootDir:'./',keepAlive:1,Limit:1000000},
   mimes:'.htm,.html=text/html;charset=windows-1251&.js=text/javascript;charset=windows-1251'
[2015-09-13T12:11:11] (core) .. listener is ready, Ctrl+C to abort
[2015-09-13T12:11:45] (srv) ...starting microHttp {port:80,logLevel:1,rootDir:'./',keepAlive:1,Limit:1000000},
   mimes:'.htm,.html=text/html;charset=windows-1251&.js=text/javascript;charset=windows-1251'
[2015-09-13T12:11:45] (core) .. listener is ready, Ctrl+C to abort
[2015-09-13T12:22:19] (srv) ...starting microHttp {port:80,logLevel:1,rootDir:'./',keepAlive:1,Limit:1000000},
   mimes:'.htm,.html=text/html;charset=windows-1251&.js=text/javascript;charset=windows-1251'
[2015-09-13T12:22:19] (core) .. listener is ready, Ctrl+C to abort
[2015-09-13T12:23:34] (srv) ...starting microHttp {port:80,logLevel:1,rootDir:'./',keepAlive:1,Limit:1000000},
   mimes:'.htm,.html=text/html;charset=windows-1251&.js=text/javascript;charset=windows-1251'
[2015-09-13T12:23:34] (core) .. listener is ready, Ctrl+C to abort
[2015-09-13T12:24:50] (srv) ...starting microHttp {port:80,logLevel:1,rootDir:'./',keepAlive:1,Limit:1000000},
   mimes:'.htm,.html=text/html;charset=windows-1251&.js=text/javascript;charset=windows-1251'
[2015-09-13T12:24:50] (core) .. listener is ready, Ctrl+C to abort
[2015-09-13T12:27:49] (srv) ...starting microHttp {port:80,logLevel:1,rootDir:'./',keepAlive:1,Limit:1000000},
   mimes:'.htm,.html=text/html;charset=windows-1251&.js=text/javascript;charset=windows-1251'
[2015-09-13T12:27:49] (core) .. listener is ready, Ctrl+C to abort
[2015-09-13T12:32:40] (srv) ...starting microHttp {port:80,logLevel:1,rootDir:'./',keepAlive:1,Limit:1000000},
   mimes:'.htm,.html=text/html;charset=windows-1251&.js=text/javascript;charset=windows-1251'
[2015-09-13T12:32:40] (core) .. listener is ready, Ctrl+C to abort
[2015-09-13T12:35:43] (srv) ...starting microHttp {port:80,logLevel:1,rootDir:'./',keepAlive:1,Limit:1000000},
   mimes:'.htm,.html=text/html;charset=windows-1251&.js=text/javascript;charset=windows-1251'
[2015-09-13T12:35:43] (core) .. listener is ready, Ctrl+C to abort
[2015-09-13T12:37:10] (srv) ...starting microHttp {port:80,logLevel:1,rootDir:'./',keepAlive:1,Limit:1000000},
   mimes:'.htm,.html=text/html;charset=windows-1251&.js=text/javascript;charset=windows-1251'
[2015-09-13T12:37:10] (core) .. listener is ready, Ctrl+C to abort
[2015-09-13T12:42:02] (srv) ...starting microHttp {port:80,logLevel:1,rootDir:'./',keepAlive:1,Limit:1000000},
   mimes:'.htm,.html=text/html;charset=windows-1251&.js=text/javascript;charset=windows-1251'
[2015-09-13T12:42:02] (core) .. listener is ready, Ctrl+C to abort
[2015-09-13T12:44:21] (srv) ...starting microHttp {port:80,logLevel:1,rootDir:'./',keepAlive:1,Limit:1000000},
   mimes:'.htm,.html=text/html;charset=windows-1251&.js=text/javascript;charset=windows-1251'
[2015-09-13T12:44:21] (core) .. listener is ready, Ctrl+C to abort
[2015-09-13T12:44:47] (srv) ...starting microHttp {port:80,logLevel:1,rootDir:'./',keepAlive:1,Limit:1000000},
   mimes:'.htm,.html=text/html;charset=windows-1251&.js=text/javascript;charset=windows-1251'
[2015-09-13T12:44:47] (core) .. listener is ready, Ctrl+C to abort
[2015-09-13T12:45:56] (srv) ...starting microHttp {port:80,logLevel:1,rootDir:'./',keepAlive:1,Limit:1000000},
   mimes:'.htm,.html=text/html;charset=windows-1251&.js=text/javascript;charset=windows-1251'
[2015-09-13T12:45:56] (core) .. listener is ready, Ctrl+C to abort
